[02:47:29] [ServerMain/INFO]: Environment: authHost='https://authserver.mojang.com', accountsHost='https://api.mojang.com', sessionHost='https://sessionserver.mojang.com', servicesHost='https://api.minecraftservices.com', name='PROD'
[02:47:30] [ServerMain/INFO]: Loaded 7 recipes
[02:47:30] [ServerMain/INFO]: Loaded 1271 advancements
[02:47:31] [Server thread/INFO]: Starting minecraft server version 1.20
[02:47:31] [Server thread/INFO]: Loading properties
[02:47:31] [Server thread/INFO]: Default game type: SURVIVAL
[02:47:31] [Server thread/INFO]: Generating keypair
[02:47:31] [Server thread/INFO]: Starting Minecraft server on *:25565
[02:47:31] [Server thread/INFO]: Using epoll channel type
[02:47:31] [Server thread/WARN]: **** SERVER IS RUNNING IN OFFLINE/INSECURE MODE!
[02:47:31] [Server thread/WARN]: The server will make no attempt to authenticate usernames. Beware.
[02:47:31] [Server thread/WARN]: While this makes the game possible to play without internet access, it also opens up the ability for hackers to connect with any username they choose.
[02:47:31] [Server thread/WARN]: To change this, set "online-mode" to "true" in the server.properties file.
[02:47:31] [Server thread/INFO]: Preparing level "world"
[02:47:34] [Server thread/INFO]: Preparing start region for dimension minecraft:overworld
[02:47:37] [Worker-Main-3/INFO]: Preparing spawn area: 0%
[02:47:37] [Worker-Main-2/INFO]: Preparing spawn area: 0%
[02:47:37] [Worker-Main-3/INFO]: Preparing spawn area: 0%
[02:47:37] [Worker-Main-2/INFO]: Preparing spawn area: 0%
[02:47:37] [Worker-Main-1/INFO]: Preparing spawn area: 0%
[02:47:37] [Worker-Main-1/INFO]: Preparing spawn area: 0%
[02:47:37] [Worker-Main-1/INFO]: Preparing spawn area: 0%
[02:47:37] [Worker-Main-2/INFO]: Preparing spawn area: 0%
[02:47:38] [Worker-Main-2/INFO]: Preparing spawn area: 0%
[02:47:38] [Worker-Main-2/INFO]: Preparing spawn area: 0%
[02:47:39] [Worker-Main-1/INFO]: Preparing spawn area: 31%
[02:47:39] [Server thread/INFO]: Time elapsed: 5415 ms
[02:47:39] [Server thread/INFO]: Done (8.113s)! For help, type "help"
[02:47:46] [Server thread/INFO]: mart0_ssj[/127.246.83.97:40321] logged in with entity id 176 at (-198.24257681101625, 106.0, 66.0745222274783)
[02:47:46] [Server thread/INFO]: mart0_ssj joined the game
[02:47:48] [Server thread/WARN]: UUID of added entity already exists: btl['Donkey'/286, l='ServerLevel[world]', x=-220.83, y=112.00, z=-89.17]
[02:48:18] [Server thread/INFO]: petroleo[/127.70.83.37:51527] logged in with entity id 377 at (-185.4435800759696, 112.0, 41.25402422841899)
[02:48:18] [Server thread/INFO]: petroleo joined the game
[02:48:55] [Server thread/INFO]: [mart0_ssj: Teleported mart0_ssj to petroleo]
[02:51:47] [Server thread/INFO]: mart0_ssj has made the advancement [Sweet Dreams]
[02:53:02] [Server thread/INFO]: petroleo has made the advancement [Sweet Dreams]
[02:55:16] [Server thread/INFO]: mart0_ssj has made the advancement [A Seedy Place]
[02:56:12] [Server thread/INFO]: petroleo has made the advancement [Ice Bucket Challenge]
[02:56:17] [Server thread/INFO]: petroleo has made the advancement [Acquire Hardware]
